<?xml version="1.0" encoding="utf-8"?><testsuites name="pytest tests"><testsuite name="pytest" errors="0" failures="0" skipped="0" tests="21" time="3.430" timestamp="2026-04-17T11:44:28.092940+00:00" hostname="agent-env-41f4ea25-dba6-4421-9832-c1db26702b5c"><testcase classname="backend.tests.test_phase2_features.TestHealthAndBasics" name="test_health_endpoint" time="0.203" /><testcase classname="backend.tests.test_phase2_features.TestHealthAndBasics" name="test_api_root" time="0.137" /><testcase classname="backend.tests.test_phase2_features.TestTopicsEndpoints" name="test_get_all_topics" time="0.141" /><testcase classname="backend.tests.test_phase2_features.TestTopicsEndpoints" name="test_get_topic_categories" time="0.150" /><testcase classname="backend.tests.test_phase2_features.TestGECodeGeneration" name="test_paper_creation_with_ge_code" time="0.148" /><testcase classname="backend.tests.test_phase2_features.TestGECodeGeneration" name="test_papers_list_includes_ge_code" time="0.108" /><testcase classname="backend.tests.test_phase2_features.TestGECodeGeneration" name="test_get_paper_by_id_includes_ge_code" time="0.241" /><testcase classname="backend.tests.test_phase2_features.TestStatsEndpoint" name="test_stats_includes_mark_schemes" time="0.104" /><testcase classname="backend.tests.test_phase2_features.TestDifficultyTagging" name="test_difficulty_validation_valid_values" time="0.237" /><testcase classname="backend.tests.test_phase2_features.TestDifficultyTagging" name="test_difficulty_validation_rejects_invalid" time="0.122" /><testcase classname="backend.tests.test_phase2_features.TestTopicTagging" name="test_topics_validation_rejects_invalid" time="0.104" /><testcase classname="backend.tests.test_phase2_features.TestQuestionsEndpoints" name="test_questions_empty_initially" time="0.233" /><testcase classname="backend.tests.test_phase2_features.TestPDFUploadEndpoints" name="test_paper_upload_endpoint_exists" time="0.213" /><testcase classname="backend.tests.test_phase2_features.TestPDFUploadEndpoints" name="test_mark_scheme_upload_endpoint_exists" time="0.266" /><testcase classname="backend.tests.test_phase2_features.TestExtractionJobEndpoint" name="test_extraction_job_not_found" time="0.104" /><testcase classname="backend.tests.test_phase2_features.TestMarkSchemeEndpoints" name="test_paper_mark_scheme_not_found" time="0.242" /><testcase classname="backend.tests.test_phase2_features.TestMarkSchemeEndpoints" name="test_mark_scheme_entries_endpoint" time="0.118" /><testcase classname="backend.tests.test_phase2_features.TestMarkSchemeEndpoints" name="test_question_mark_scheme_endpoint" time="0.105" /><testcase classname="backend.tests.test_phase2_features.TestQuestionsByTopicAndDifficulty" name="test_questions_by_topic_endpoint" time="0.147" /><testcase classname="backend.tests.test_phase2_features.TestQuestionsByTopicAndDifficulty" name="test_questions_by_difficulty_endpoint" time="0.100" /><testcase classname="backend.tests.test_phase2_features.TestQuestionsByTopicAndDifficulty" name="test_questions_by_difficulty_invalid" time="0.118" /></testsuite></testsuites>